<?xml version="1.0" encoding="UTF-8"?>
<!-- Generated by org.testng.reporters.JUnitXMLReporter -->
<testsuite hostname="LAPTOP-PT93KTGA" ignored="0" name="Test" tests="15" failures="3" timestamp="20 Sep 2021 12:27:21 GMT" time="53.581" errors="0">
  <testcase name="tc13" time="4.215" classname="org.test.sample.A">
    <skipped/>
  </testcase> <!-- tc13 -->
  <testcase name="tc13" time="3.23" classname="org.test.sample.A">
    <skipped/>
  </testcase> <!-- tc13 -->
  <testcase name="tc13" time="3.096" classname="org.test.sample.A">
    <skipped/>
  </testcase> <!-- tc13 -->
  <testcase name="tc13" time="3.295" classname="org.test.sample.A">
    <failure type="java.lang.AssertionError" message="Check your testcase 1 expected [true] but found [false]">
      <![CDATA[java.lang.AssertionError: Check your testcase 1 expected [true] but found [false]
at org.test.sample.A.tc13(A.java:25)
... Removed 28 stack frames]]>
    </failure>
  </testcase> <!-- tc13 -->
  <testcase name="tc5" time="3.217" classname="org.test.sample.A"/>
  <testcase name="tc50" time="3.378" classname="org.test.sample.A"/>
  <testcase name="tc9" time="3.337" classname="org.test.sample.A">
    <skipped/>
  </testcase> <!-- tc9 -->
  <testcase name="tc9" time="3.293" classname="org.test.sample.A">
    <skipped/>
  </testcase> <!-- tc9 -->
  <testcase name="tc9" time="3.543" classname="org.test.sample.A">
    <skipped/>
  </testcase> <!-- tc9 -->
  <testcase name="tc9" time="3.539" classname="org.test.sample.A">
    <failure type="java.lang.AssertionError" message="Check your testcase 1 expected [true] but found [false]">
      <![CDATA[java.lang.AssertionError: Check your testcase 1 expected [true] but found [false]
at org.test.sample.A.tc9(A.java:56)
... Removed 28 stack frames]]>
    </failure>
  </testcase> <!-- tc9 -->
  <testcase name="tc1" time="3.966" classname="org.test.sample.Sample">
    <skipped/>
  </testcase> <!-- tc1 -->
  <testcase name="tc1" time="3.809" classname="org.test.sample.Sample">
    <skipped/>
  </testcase> <!-- tc1 -->
  <testcase name="tc1" time="3.698" classname="org.test.sample.Sample">
    <skipped/>
  </testcase> <!-- tc1 -->
  <testcase name="tc1" time="3.766" classname="org.test.sample.Sample">
    <failure type="java.lang.AssertionError" message="Check your testcase 1 expected [true] but found [false]">
      <![CDATA[java.lang.AssertionError: Check your testcase 1 expected [true] but found [false]
at org.test.sample.Sample.tc1(Sample.java:32)
... Removed 28 stack frames]]>
    </failure>
  </testcase> <!-- tc1 -->
  <testcase name="tc50" time="4.133" classname="org.test.sample.Sample"/>
</testsuite> <!-- Test -->
